[2026-02-14 12:48:38] [IP:192.168.1.10] [USER:GUEST] [EVENT:CSRF_FAILURE] Invalid token provided. Expected: , Got: 
[2026-02-15 00:06:29] [IP:::1] [USER:18] [EVENT:RATE_LIMIT_EXCEEDED] Action: complete_ticket, Limit: 20
[2026-02-15 00:06:32] [IP:::1] [USER:18] [EVENT:RATE_LIMIT_EXCEEDED] Action: complete_ticket, Limit: 20
[2026-02-15 01:22:06] [IP:::1] [USER:18] [EVENT:RATE_LIMIT_EXCEEDED] Action: set_window_status, Limit: 10
[2026-02-15 01:22:08] [IP:::1] [USER:18] [EVENT:RATE_LIMIT_EXCEEDED] Action: set_window_status, Limit: 10
[2026-02-15 01:22:12] [IP:::1] [USER:18] [EVENT:RATE_LIMIT_EXCEEDED] Action: set_window_status, Limit: 10
[2026-02-15 01:22:20] [IP:::1] [USER:18] [EVENT:RATE_LIMIT_EXCEEDED] Action: set_window_status, Limit: 10
[2026-02-15 03:46:02] [IP:::1] [USER:18] [EVENT:CSRF_FAILURE] Invalid token provided. Expected: d43449748837999f76aac784ec2adc01caebd95f7e842f3927fd0c31df996540, Got: 
[2026-02-15 15:53:14] [IP:::1] [USER:28] [EVENT:CSRF_FAILURE] Invalid token provided. Expected: d9eb08f59096e59a601a8834c8b3bf59f74f94252b51c7678489ed2596c12c73, Got: 
[2026-02-15 15:53:16] [IP:::1] [USER:28] [EVENT:CSRF_FAILURE] Invalid token provided. Expected: d9eb08f59096e59a601a8834c8b3bf59f74f94252b51c7678489ed2596c12c73, Got: 
[2026-02-15 15:53:18] [IP:::1] [USER:28] [EVENT:CSRF_FAILURE] Invalid token provided. Expected: d9eb08f59096e59a601a8834c8b3bf59f74f94252b51c7678489ed2596c12c73, Got: 
[2026-02-15 15:53:20] [IP:::1] [USER:28] [EVENT:CSRF_FAILURE] Invalid token provided. Expected: d9eb08f59096e59a601a8834c8b3bf59f74f94252b51c7678489ed2596c12c73, Got: 
[2026-02-15 15:53:21] [IP:::1] [USER:28] [EVENT:CSRF_FAILURE] Invalid token provided. Expected: d9eb08f59096e59a601a8834c8b3bf59f74f94252b51c7678489ed2596c12c73, Got: 
[2026-02-15 15:53:22] [IP:::1] [USER:28] [EVENT:CSRF_FAILURE] Invalid token provided. Expected: d9eb08f59096e59a601a8834c8b3bf59f74f94252b51c7678489ed2596c12c73, Got: 
[2026-02-15 16:42:31] [IP:::1] [USER:18] [EVENT:CSRF_FAILURE] Invalid token provided. Expected: d9eb08f59096e59a601a8834c8b3bf59f74f94252b51c7678489ed2596c12c73, Got: 
[2026-02-18 11:08:29] [IP:::1] [USER:18] [EVENT:CSRF_FAILURE] Invalid token provided. Expected: a6af70e1c4bb424bc44cbc4bd8c222cb5f8ee4bd6184001e8e65f960caa8ca9d, Got: 
[2026-02-18 11:08:30] [IP:::1] [USER:18] [EVENT:CSRF_FAILURE] Invalid token provided. Expected: a6af70e1c4bb424bc44cbc4bd8c222cb5f8ee4bd6184001e8e65f960caa8ca9d, Got: 
[2026-02-18 11:08:31] [IP:::1] [USER:18] [EVENT:CSRF_FAILURE] Invalid token provided. Expected: a6af70e1c4bb424bc44cbc4bd8c222cb5f8ee4bd6184001e8e65f960caa8ca9d, Got: 
[2026-02-18 11:19:53] [IP:192.168.1.31] [USER:18] [EVENT:CSRF_FAILURE] Invalid token provided. Expected: 51f20140674d5ac28a412b1b3cc8f94196df12a7177aadcb91094fa637e3558f, Got: 
[2026-02-18 11:20:02] [IP:192.168.1.31] [USER:18] [EVENT:CSRF_FAILURE] Invalid token provided. Expected: 51f20140674d5ac28a412b1b3cc8f94196df12a7177aadcb91094fa637e3558f, Got: 
[2026-02-18 11:20:03] [IP:192.168.1.31] [USER:18] [EVENT:CSRF_FAILURE] Invalid token provided. Expected: 51f20140674d5ac28a412b1b3cc8f94196df12a7177aadcb91094fa637e3558f, Got: 
[2026-02-18 11:20:04] [IP:192.168.1.31] [USER:18] [EVENT:CSRF_FAILURE] Invalid token provided. Expected: 51f20140674d5ac28a412b1b3cc8f94196df12a7177aadcb91094fa637e3558f, Got: 
[2026-02-19 16:06:05] [IP:::1] [USER:GUEST] [EVENT:CSRF_FAILURE] Invalid token provided. Expected: fe76734fd4b62e55e61abc0dc705d5760bbbf9179e4608a35118fee7f97d930f, Got: be7e63530f487770094146e45ed39b9b8ff4b7bd0bfe2c97c05a1cffa756583e
[2026-03-05 23:05:58] [IP:::1] [USER:62] [EVENT:RATE_LIMIT_EXCEEDED] Action: user_cancel_ticket, Limit: 5
[2026-03-05 23:06:03] [IP:::1] [USER:62] [EVENT:RATE_LIMIT_EXCEEDED] Action: user_cancel_ticket, Limit: 5
[2026-03-05 23:06:07] [IP:::1] [USER:62] [EVENT:RATE_LIMIT_EXCEEDED] Action: user_cancel_ticket, Limit: 5
[2026-03-05 23:06:10] [IP:::1] [USER:62] [EVENT:RATE_LIMIT_EXCEEDED] Action: user_cancel_ticket, Limit: 5
[2026-03-05 23:06:14] [IP:::1] [USER:62] [EVENT:RATE_LIMIT_EXCEEDED] Action: user_cancel_ticket, Limit: 5
[2026-03-05 23:06:17] [IP:::1] [USER:62] [EVENT:RATE_LIMIT_EXCEEDED] Action: user_cancel_ticket, Limit: 5
[2026-03-07 15:26:29] [IP:::1] [USER:71] [EVENT:CSRF_FAILURE] Invalid token provided. Expected: b57f8fd45037fce0ec64ee0fd1b8d1ed334de14f2bcbcf207242349a655495b9, Got: 
[2026-03-07 15:26:34] [IP:::1] [USER:71] [EVENT:CSRF_FAILURE] Invalid token provided. Expected: b57f8fd45037fce0ec64ee0fd1b8d1ed334de14f2bcbcf207242349a655495b9, Got: 
[2026-03-07 15:26:45] [IP:::1] [USER:71] [EVENT:CSRF_FAILURE] Invalid token provided. Expected: b57f8fd45037fce0ec64ee0fd1b8d1ed334de14f2bcbcf207242349a655495b9, Got: 
[2026-03-07 15:26:50] [IP:::1] [USER:71] [EVENT:CSRF_FAILURE] Invalid token provided. Expected: b57f8fd45037fce0ec64ee0fd1b8d1ed334de14f2bcbcf207242349a655495b9, Got: 
[2026-03-07 15:26:54] [IP:::1] [USER:71] [EVENT:CSRF_FAILURE] Invalid token provided. Expected: b57f8fd45037fce0ec64ee0fd1b8d1ed334de14f2bcbcf207242349a655495b9, Got: 
[2026-03-07 15:27:29] [IP:::1] [USER:71] [EVENT:CSRF_FAILURE] Invalid token provided. Expected: b57f8fd45037fce0ec64ee0fd1b8d1ed334de14f2bcbcf207242349a655495b9, Got: 
